0 info it worked if it ends with ok
1 verbose cli [ 'node', '/usr/local/bin/npm', 'install', 'ssh' ]
2 info using npm@3.8.1
3 info using node@v0.10.25
4 verbose node symlink /usr/bin/node
5 silly loadCurrentTree Starting
6 silly install loadCurrentTree
7 silly install readLocalPackageData
8 silly fetchPackageMetaData ssh
9 silly fetchNamedPackageData ssh
10 silly mapToRegistry name ssh
11 silly mapToRegistry using default registry
12 silly mapToRegistry registry https://registry.npmjs.org/
13 silly mapToRegistry uri https://registry.npmjs.org/ssh
14 verbose request uri https://registry.npmjs.org/ssh
15 verbose request no auth needed
16 info attempt registry request try #1 at 10:28:49
17 verbose request id dda8b97babceef9b
18 http request GET https://registry.npmjs.org/ssh
19 http 200 https://registry.npmjs.org/ssh
20 verbose headers { server: 'CouchDB/1.5.0 (Erlang OTP/R16B03)',
20 verbose headers   etag: '"58Z4LNMQZ97P927Q0NGZ48158"',
20 verbose headers   'content-type': 'application/json',
20 verbose headers   'cache-control': 'max-age=300',
20 verbose headers   'content-length': '33417',
20 verbose headers   'accept-ranges': 'bytes',
20 verbose headers   date: 'Thu, 31 Mar 2016 08:28:49 GMT',
20 verbose headers   via: '1.1 varnish',
20 verbose headers   age: '0',
20 verbose headers   connection: 'keep-alive',
20 verbose headers   'x-served-by': 'cache-fra1240-FRA',
20 verbose headers   'x-cache': 'MISS',
20 verbose headers   'x-cache-hits': '0',
20 verbose headers   'x-timer': 'S1459412929.229236,VS0,VE210',
20 verbose headers   vary: 'Accept' }
21 silly get cb [ 200,
21 silly get   { server: 'CouchDB/1.5.0 (Erlang OTP/R16B03)',
21 silly get     etag: '"58Z4LNMQZ97P927Q0NGZ48158"',
21 silly get     'content-type': 'application/json',
21 silly get     'cache-control': 'max-age=300',
21 silly get     'content-length': '33417',
21 silly get     'accept-ranges': 'bytes',
21 silly get     date: 'Thu, 31 Mar 2016 08:28:49 GMT',
21 silly get     via: '1.1 varnish',
21 silly get     age: '0',
21 silly get     connection: 'keep-alive',
21 silly get     'x-served-by': 'cache-fra1240-FRA',
21 silly get     'x-cache': 'MISS',
21 silly get     'x-cache-hits': '0',
21 silly get     'x-timer': 'S1459412929.229236,VS0,VE210',
21 silly get     vary: 'Accept' } ]
22 verbose get saving ssh to /root/.npm/registry.npmjs.org/ssh/.cache.json
23 verbose correctMkdir /root/.npm correctMkdir not in flight; initializing
24 silly install normalizeTree
25 silly loadCurrentTree Finishing
26 silly loadIdealTree Starting
27 silly install loadIdealTree
28 silly cloneCurrentTree Starting
29 silly install cloneCurrentTreeToIdealTree
30 silly cloneCurrentTree Finishing
31 silly loadShrinkwrap Starting
32 silly install loadShrinkwrap
33 silly loadShrinkwrap Finishing
34 silly loadAllDepsIntoIdealTree Starting
35 silly install loadAllDepsIntoIdealTree
36 silly resolveWithNewModule ssh@1.8.0 checking installable status
37 silly cache add args [ 'ssh', null ]
38 verbose cache add spec ssh
39 silly cache add parsed spec { raw: 'ssh',
39 silly cache add   scope: null,
39 silly cache add   name: 'ssh',
39 silly cache add   rawSpec: '',
39 silly cache add   spec: 'latest',
39 silly cache add   type: 'tag' }
40 silly addNamed ssh@latest
41 verbose addNamed "latest" is being treated as a dist-tag for ssh
42 info addNameTag [ 'ssh', 'latest' ]
43 silly mapToRegistry name ssh
44 silly mapToRegistry using default registry
45 silly mapToRegistry registry https://registry.npmjs.org/
46 silly mapToRegistry uri https://registry.npmjs.org/ssh
47 verbose addNameTag registry:https://registry.npmjs.org/ssh not in flight; fetching
48 verbose get https://registry.npmjs.org/ssh not expired, no request
49 silly addNameTag next cb for ssh with tag latest
50 silly addNamed ssh@1.8.0
51 verbose addNamed "1.8.0" is a plain semver version for ssh
52 silly mapToRegistry name ssh
53 silly mapToRegistry using default registry
54 silly mapToRegistry registry https://registry.npmjs.org/
55 silly mapToRegistry uri https://registry.npmjs.org/ssh
56 verbose addRemoteTarball https://registry.npmjs.org/ssh/-/ssh-1.8.0.tgz not in flight; adding
57 verbose addRemoteTarball [ 'https://registry.npmjs.org/ssh/-/ssh-1.8.0.tgz',
57 verbose addRemoteTarball   'd959af33f75efaf908713c1c328c485692a9635a' ]
58 info retry fetch attempt 1 at 10:28:50
59 info attempt registry request try #1 at 10:28:50
60 http fetch GET https://registry.npmjs.org/ssh/-/ssh-1.8.0.tgz
61 http fetch 200 https://registry.npmjs.org/ssh/-/ssh-1.8.0.tgz
62 silly fetchAndShaCheck shasum d959af33f75efaf908713c1c328c485692a9635a
63 verbose addTmpTarball /tmp/npm-8110-f1539851/registry.npmjs.org/ssh/-/ssh-1.8.0.tgz not in flight; adding
64 verbose addTmpTarball already have metadata; skipping unpack for ssh@1.8.0
65 verbose correctMkdir /root/.npm correctMkdir not in flight; initializing
66 silly cache afterAdd ssh@1.8.0
67 verbose afterAdd /root/.npm/ssh/1.8.0/package/package.json not in flight; writing
68 verbose correctMkdir /root/.npm correctMkdir not in flight; initializing
69 verbose afterAdd /root/.npm/ssh/1.8.0/package/package.json written
70 silly fetchNamedPackageData bindings
71 silly mapToRegistry name bindings
72 silly mapToRegistry using default registry
73 silly mapToRegistry registry https://registry.npmjs.org/
74 silly mapToRegistry uri https://registry.npmjs.org/bindings
75 silly fetchNamedPackageData nan
76 silly mapToRegistry name nan
77 silly mapToRegistry using default registry
78 silly mapToRegistry registry https://registry.npmjs.org/
79 silly mapToRegistry uri https://registry.npmjs.org/nan
80 verbose request uri https://registry.npmjs.org/bindings
81 verbose request no auth needed
82 info attempt registry request try #1 at 10:28:51
83 http request GET https://registry.npmjs.org/bindings
84 verbose request uri https://registry.npmjs.org/nan
85 verbose request no auth needed
86 info attempt registry request try #1 at 10:28:51
87 http request GET https://registry.npmjs.org/nan
88 http 200 https://registry.npmjs.org/bindings
89 verbose headers { server: 'CouchDB/1.5.0 (Erlang OTP/R16B03)',
89 verbose headers   etag: '"1LLBF9OH58DLBEL4629U6032D"',
89 verbose headers   'content-type': 'application/json',
89 verbose headers   'cache-control': 'max-age=300',
89 verbose headers   'content-length': '18066',
89 verbose headers   'accept-ranges': 'bytes',
89 verbose headers   date: 'Thu, 31 Mar 2016 08:28:50 GMT',
89 verbose headers   via: '1.1 varnish',
89 verbose headers   age: '119',
89 verbose headers   connection: 'keep-alive',
89 verbose headers   'x-served-by': 'cache-fra1246-FRA',
89 verbose headers   'x-cache': 'HIT',
89 verbose headers   'x-cache-hits': '4',
89 verbose headers   'x-timer': 'S1459412930.733403,VS0,VE0',
89 verbose headers   vary: 'Accept' }
90 silly get cb [ 200,
90 silly get   { server: 'CouchDB/1.5.0 (Erlang OTP/R16B03)',
90 silly get     etag: '"1LLBF9OH58DLBEL4629U6032D"',
90 silly get     'content-type': 'application/json',
90 silly get     'cache-control': 'max-age=300',
90 silly get     'content-length': '18066',
90 silly get     'accept-ranges': 'bytes',
90 silly get     date: 'Thu, 31 Mar 2016 08:28:50 GMT',
90 silly get     via: '1.1 varnish',
90 silly get     age: '119',
90 silly get     connection: 'keep-alive',
90 silly get     'x-served-by': 'cache-fra1246-FRA',
90 silly get     'x-cache': 'HIT',
90 silly get     'x-cache-hits': '4',
90 silly get     'x-timer': 'S1459412930.733403,VS0,VE0',
90 silly get     vary: 'Accept' } ]
91 verbose get saving bindings to /root/.npm/registry.npmjs.org/bindings/.cache.json
92 verbose correctMkdir /root/.npm correctMkdir not in flight; initializing
93 silly resolveWithNewModule bindings@1.2.1 checking installable status
94 silly cache add args [ 'bindings@*', null ]
95 verbose cache add spec bindings@*
96 silly cache add parsed spec { raw: 'bindings@*',
96 silly cache add   scope: null,
96 silly cache add   name: 'bindings',
96 silly cache add   rawSpec: '*',
96 silly cache add   spec: '*',
96 silly cache add   type: 'range' }
97 silly addNamed bindings@*
98 verbose addNamed "*" is a valid semver range for bindings
99 silly addNameRange { name: 'bindings', range: '*', hasData: false }
100 silly mapToRegistry name bindings
101 silly mapToRegistry using default registry
102 silly mapToRegistry registry https://registry.npmjs.org/
103 silly mapToRegistry uri https://registry.npmjs.org/bindings
104 verbose addNameRange registry:https://registry.npmjs.org/bindings not in flight; fetching
105 verbose get https://registry.npmjs.org/bindings not expired, no request
106 silly addNameRange number 2 { name: 'bindings', range: '*', hasData: true }
107 silly addNameRange versions [ 'bindings',
107 silly addNameRange   [ '0.0.1',
107 silly addNameRange     '0.1.0',
107 silly addNameRange     '0.1.1',
107 silly addNameRange     '0.2.0',
107 silly addNameRange     '0.2.1',
107 silly addNameRange     '0.2.2',
107 silly addNameRange     '0.2.3',
107 silly addNameRange     '0.2.4',
107 silly addNameRange     '0.3.0',
107 silly addNameRange     '0.4.0',
107 silly addNameRange     '1.0.0',
107 silly addNameRange     '1.1.0',
107 silly addNameRange     '1.1.1',
107 silly addNameRange     '1.2.0',
107 silly addNameRange     '1.2.1' ] ]
108 silly addNamed bindings@1.2.1
109 verbose addNamed "1.2.1" is a plain semver version for bindings
110 silly mapToRegistry name bindings
111 silly mapToRegistry using default registry
112 silly mapToRegistry registry https://registry.npmjs.org/
113 silly mapToRegistry uri https://registry.npmjs.org/bindings
114 verbose addRemoteTarball https://registry.npmjs.org/bindings/-/bindings-1.2.1.tgz not in flight; adding
115 verbose addRemoteTarball [ 'https://registry.npmjs.org/bindings/-/bindings-1.2.1.tgz',
115 verbose addRemoteTarball   '14ad6113812d2d37d72e67b4cacb4bb726505f11' ]
116 info retry fetch attempt 1 at 10:28:51
117 info attempt registry request try #1 at 10:28:51
118 http fetch GET https://registry.npmjs.org/bindings/-/bindings-1.2.1.tgz
119 http 200 https://registry.npmjs.org/nan
120 verbose headers { server: 'CouchDB/1.5.0 (Erlang OTP/R16B03)',
120 verbose headers   etag: '"2UZKQOUIL0TMX4WY7FZ5Q5HJQ"',
120 verbose headers   'content-type': 'application/json',
120 verbose headers   'cache-control': 'max-age=300',
120 verbose headers   'content-length': '78556',
120 verbose headers   'accept-ranges': 'bytes',
120 verbose headers   date: 'Thu, 31 Mar 2016 08:28:50 GMT',
120 verbose headers   via: '1.1 varnish',
120 verbose headers   age: '90',
120 verbose headers   connection: 'keep-alive',
120 verbose headers   'x-served-by': 'cache-fra1244-FRA',
120 verbose headers   'x-cache': 'HIT',
120 verbose headers   'x-cache-hits': '11',
120 verbose headers   'x-timer': 'S1459412930.734679,VS0,VE0',
120 verbose headers   vary: 'Accept' }
121 silly get cb [ 200,
121 silly get   { server: 'CouchDB/1.5.0 (Erlang OTP/R16B03)',
121 silly get     etag: '"2UZKQOUIL0TMX4WY7FZ5Q5HJQ"',
121 silly get     'content-type': 'application/json',
121 silly get     'cache-control': 'max-age=300',
121 silly get     'content-length': '78556',
121 silly get     'accept-ranges': 'bytes',
121 silly get     date: 'Thu, 31 Mar 2016 08:28:50 GMT',
121 silly get     via: '1.1 varnish',
121 silly get     age: '90',
121 silly get     connection: 'keep-alive',
121 silly get     'x-served-by': 'cache-fra1244-FRA',
121 silly get     'x-cache': 'HIT',
121 silly get     'x-cache-hits': '11',
121 silly get     'x-timer': 'S1459412930.734679,VS0,VE0',
121 silly get     vary: 'Accept' } ]
122 verbose get saving nan to /root/.npm/registry.npmjs.org/nan/.cache.json
123 verbose correctMkdir /root/.npm correctMkdir not in flight; initializing
124 silly resolveWithNewModule nan@1.9.0 checking installable status
125 silly cache add args [ 'nan@^1.8.4', null ]
126 verbose cache add spec nan@^1.8.4
127 silly cache add parsed spec { raw: 'nan@^1.8.4',
127 silly cache add   scope: null,
127 silly cache add   name: 'nan',
127 silly cache add   rawSpec: '^1.8.4',
127 silly cache add   spec: '>=1.8.4 <2.0.0',
127 silly cache add   type: 'range' }
128 silly addNamed nan@>=1.8.4 <2.0.0
129 verbose addNamed ">=1.8.4 <2.0.0" is a valid semver range for nan
130 silly addNameRange { name: 'nan', range: '>=1.8.4 <2.0.0', hasData: false }
131 silly mapToRegistry name nan
132 silly mapToRegistry using default registry
133 silly mapToRegistry registry https://registry.npmjs.org/
134 silly mapToRegistry uri https://registry.npmjs.org/nan
135 verbose addNameRange registry:https://registry.npmjs.org/nan not in flight; fetching
136 verbose get https://registry.npmjs.org/nan not expired, no request
137 silly addNameRange number 2 { name: 'nan', range: '>=1.8.4 <2.0.0', hasData: true }
138 silly addNameRange versions [ 'nan',
138 silly addNameRange   [ '0.3.0-wip',
138 silly addNameRange     '0.3.0-wip2',
138 silly addNameRange     '0.3.0',
138 silly addNameRange     '0.3.1',
138 silly addNameRange     '0.3.2',
138 silly addNameRange     '0.4.0',
138 silly addNameRange     '0.4.1',
138 silly addNameRange     '0.4.2',
138 silly addNameRange     '0.4.3',
138 silly addNameRange     '0.4.4',
138 silly addNameRange     '0.5.0',
138 silly addNameRange     '0.5.1',
138 silly addNameRange     '0.5.2',
138 silly addNameRange     '0.6.0',
138 silly addNameRange     '0.7.0',
138 silly addNameRange     '0.7.1',
138 silly addNameRange     '0.8.0',
138 silly addNameRange     '1.0.0',
138 silly addNameRange     '1.1.0',
138 silly addNameRange     '1.1.1',
138 silly addNameRange     '1.1.2',
138 silly addNameRange     '1.2.0',
138 silly addNameRange     '1.3.0',
138 silly addNameRange     '1.4.0',
138 silly addNameRange     '1.4.1',
138 silly addNameRange     '1.5.0',
138 silly addNameRange     '1.4.2',
138 silly addNameRange     '1.4.3',
138 silly addNameRange     '1.5.1',
138 silly addNameRange     '1.5.2',
138 silly addNameRange     '1.6.0',
138 silly addNameRange     '1.5.3',
138 silly addNameRange     '1.6.1',
138 silly addNameRange     '1.6.2',
138 silly addNameRange     '1.7.0',
138 silly addNameRange     '1.8.0',
138 silly addNameRange     '1.8.1',
138 silly addNameRange     '1.8.2',
138 silly addNameRange     '1.8.3',
138 silly addNameRange     '1.8.4',
138 silly addNameRange     '1.9.0',
138 silly addNameRange     '2.0.0',
138 silly addNameRange     '2.0.1',
138 silly addNameRange     '2.0.2',
138 silly addNameRange     '2.0.3',
138 silly addNameRange     '2.0.4',
138 silly addNameRange     '2.0.5',
138 silly addNameRange     '2.0.6',
138 silly addNameRange     '2.0.7',
138 silly addNameRange     '2.0.8',
138 silly addNameRange     '2.0.9',
138 silly addNameRange     '2.1.0',
138 silly addNameRange     '2.2.0',
138 silly addNameRange     '2.2.1' ] ]
139 silly addNamed nan@1.9.0
140 verbose addNamed "1.9.0" is a plain semver version for nan
141 silly mapToRegistry name nan
142 silly mapToRegistry using default registry
143 silly mapToRegistry registry https://registry.npmjs.org/
144 silly mapToRegistry uri https://registry.npmjs.org/nan
145 verbose addRemoteTarball https://registry.npmjs.org/nan/-/nan-1.9.0.tgz not in flight; adding
146 verbose addRemoteTarball [ 'https://registry.npmjs.org/nan/-/nan-1.9.0.tgz',
146 verbose addRemoteTarball   '1a9cd2755609766f5c291e4194fce39fde286515' ]
147 info retry fetch attempt 1 at 10:28:51
148 info attempt registry request try #1 at 10:28:51
149 http fetch GET https://registry.npmjs.org/nan/-/nan-1.9.0.tgz
150 http fetch 200 https://registry.npmjs.org/nan/-/nan-1.9.0.tgz
151 silly fetchAndShaCheck shasum 1a9cd2755609766f5c291e4194fce39fde286515
152 http fetch 200 https://registry.npmjs.org/bindings/-/bindings-1.2.1.tgz
153 verbose addTmpTarball /tmp/npm-8110-f1539851/registry.npmjs.org/nan/-/nan-1.9.0.tgz not in flight; adding
154 verbose addTmpTarball already have metadata; skipping unpack for nan@1.9.0
155 verbose correctMkdir /root/.npm correctMkdir not in flight; initializing
156 silly fetchAndShaCheck shasum 14ad6113812d2d37d72e67b4cacb4bb726505f11
157 verbose addTmpTarball /tmp/npm-8110-f1539851/registry.npmjs.org/bindings/-/bindings-1.2.1.tgz not in flight; adding
158 verbose addTmpTarball already have metadata; skipping unpack for bindings@1.2.1
159 verbose correctMkdir /root/.npm correctMkdir not in flight; initializing
160 silly cache afterAdd nan@1.9.0
161 verbose afterAdd /root/.npm/nan/1.9.0/package/package.json not in flight; writing
162 verbose correctMkdir /root/.npm correctMkdir not in flight; initializing
163 verbose afterAdd /root/.npm/nan/1.9.0/package/package.json written
164 silly cache afterAdd bindings@1.2.1
165 verbose afterAdd /root/.npm/bindings/1.2.1/package/package.json not in flight; writing
166 verbose correctMkdir /root/.npm correctMkdir not in flight; initializing
167 verbose afterAdd /root/.npm/bindings/1.2.1/package/package.json written
168 silly loadAllDepsIntoIdealTree Finishing
169 silly idealTree:prePrune smartkeeper
169 silly idealTree:prePrune ├── bindings@1.2.1
169 silly idealTree:prePrune ├── nan@1.9.0
169 silly idealTree:prePrune └── ssh@1.8.0
170 silly loadIdealTree Finishing
171 silly currentTree smartkeeper
172 silly idealTree smartkeeper
172 silly idealTree ├── bindings@1.2.1
172 silly idealTree ├── nan@1.9.0
172 silly idealTree └── ssh@1.8.0
173 silly generateActionsToTake Starting
174 silly install generateActionsToTake
175 silly generateActionsToTake Finishing
176 silly diffTrees action count 3
177 silly diffTrees add bindings@1.2.1
178 silly diffTrees add nan@1.9.0
179 silly diffTrees add ssh@1.8.0
180 silly decomposeActions action count 24
181 silly decomposeActions fetch bindings@1.2.1
182 silly decomposeActions extract bindings@1.2.1
183 silly decomposeActions test bindings@1.2.1
184 silly decomposeActions preinstall bindings@1.2.1
185 silly decomposeActions build bindings@1.2.1
186 silly decomposeActions install bindings@1.2.1
187 silly decomposeActions postinstall bindings@1.2.1
188 silly decomposeActions finalize bindings@1.2.1
189 silly decomposeActions fetch nan@1.9.0
190 silly decomposeActions extract nan@1.9.0
191 silly decomposeActions test nan@1.9.0
192 silly decomposeActions preinstall nan@1.9.0
193 silly decomposeActions build nan@1.9.0
194 silly decomposeActions install nan@1.9.0
195 silly decomposeActions postinstall nan@1.9.0
196 silly decomposeActions finalize nan@1.9.0
197 silly decomposeActions fetch ssh@1.8.0
198 silly decomposeActions extract ssh@1.8.0
199 silly decomposeActions test ssh@1.8.0
200 silly decomposeActions preinstall ssh@1.8.0
201 silly decomposeActions build ssh@1.8.0
202 silly decomposeActions install ssh@1.8.0
203 silly decomposeActions postinstall ssh@1.8.0
204 silly decomposeActions finalize ssh@1.8.0
205 silly executeActions Starting
206 silly install executeActions
207 silly doSerial global-install 0
208 silly doParallel fetch 3
209 verbose correctMkdir /root/.npm/_locks correctMkdir not in flight; initializing
210 verbose lock using /root/.npm/_locks/staging-8b246b5874669bf9.lock for /home/maeva/smartkeeper/node_modules/.staging
211 silly doParallel extract 3
212 silly extract bindings@1.2.1
213 silly extract nan@1.9.0
214 silly extract ssh@1.8.0
215 verbose unbuild node_modules/.staging/nan-1842ddff
216 verbose unbuild node_modules/.staging/bindings-5eab317f
217 verbose unbuild node_modules/.staging/ssh-c91df64d
218 silly gentlyRm /home/maeva/smartkeeper/node_modules/.staging/nan-1842ddff is being purged from base /home/maeva/smartkeeper
219 verbose gentlyRm don't care about contents; nuking /home/maeva/smartkeeper/node_modules/.staging/nan-1842ddff
220 silly gentlyRm /home/maeva/smartkeeper/node_modules/.staging/bindings-5eab317f is being purged from base /home/maeva/smartkeeper
221 verbose gentlyRm don't care about contents; nuking /home/maeva/smartkeeper/node_modules/.staging/bindings-5eab317f
222 silly gentlyRm /home/maeva/smartkeeper/node_modules/.staging/ssh-c91df64d is being purged from base /home/maeva/smartkeeper
223 verbose gentlyRm don't care about contents; nuking /home/maeva/smartkeeper/node_modules/.staging/ssh-c91df64d
224 verbose tar unpack /root/.npm/nan/1.9.0/package.tgz
225 verbose tar unpacking to /home/maeva/smartkeeper/node_modules/.staging/nan-1842ddff
226 silly gentlyRm /home/maeva/smartkeeper/node_modules/.staging/nan-1842ddff is being purged
227 verbose gentlyRm don't care about contents; nuking /home/maeva/smartkeeper/node_modules/.staging/nan-1842ddff
228 verbose tar unpack /root/.npm/bindings/1.2.1/package.tgz
229 verbose tar unpacking to /home/maeva/smartkeeper/node_modules/.staging/bindings-5eab317f
230 silly gentlyRm /home/maeva/smartkeeper/node_modules/.staging/bindings-5eab317f is being purged
231 verbose gentlyRm don't care about contents; nuking /home/maeva/smartkeeper/node_modules/.staging/bindings-5eab317f
232 verbose tar unpack /root/.npm/ssh/1.8.0/package.tgz
233 verbose tar unpacking to /home/maeva/smartkeeper/node_modules/.staging/ssh-c91df64d
234 silly gentlyRm /home/maeva/smartkeeper/node_modules/.staging/ssh-c91df64d is being purged
235 verbose gentlyRm don't care about contents; nuking /home/maeva/smartkeeper/node_modules/.staging/ssh-c91df64d
236 silly gunzTarPerm modes [ '755', '644' ]
237 silly gunzTarPerm modes [ '755', '644' ]
238 silly gunzTarPerm modes [ '755', '644' ]
239 silly gunzTarPerm extractEntry package.json
240 silly gunzTarPerm modified mode [ 'package.json', 436, 420 ]
241 silly gunzTarPerm extractEntry package.json
242 silly gunzTarPerm extractEntry package.json
243 silly gunzTarPerm extractEntry README.md
244 silly gunzTarPerm modified mode [ 'README.md', 436, 420 ]
245 silly gunzTarPerm extractEntry include_dirs.js
246 silly gunzTarPerm modified mode [ 'include_dirs.js', 436, 420 ]
247 silly gunzTarPerm extractEntry README.md
248 silly gunzTarPerm extractEntry bindings.js
249 silly gunzTarPerm extractEntry .npmignore
250 silly gunzTarPerm extractEntry README.md
251 silly gunzTarPerm extractEntry LICENSE
252 silly gunzTarPerm extractEntry index.js
253 silly gunzTarPerm extractEntry LICENSE.md
254 silly gunzTarPerm modified mode [ 'LICENSE.md', 436, 420 ]
255 silly gunzTarPerm extractEntry .dntrc
256 silly gunzTarPerm modified mode [ '.dntrc', 436, 420 ]
257 silly gunzTarPerm extractEntry appveyor.yml
258 silly gunzTarPerm modified mode [ 'appveyor.yml', 436, 420 ]
259 silly gunzTarPerm extractEntry binding.gyp
260 silly gunzTarPerm extractEntry .jshintrc
261 silly gunzTarPerm extractEntry nan.h
262 silly gunzTarPerm modified mode [ 'nan.h', 436, 420 ]
263 silly gunzTarPerm extractEntry .travis.yml
264 silly gunzTarPerm extractEntry deps/include/config.h
265 silly gentlyRm /home/maeva/smartkeeper/node_modules/.staging/bindings-5eab317f/node_modules is being purged
266 verbose gentlyRm don't care about contents; nuking /home/maeva/smartkeeper/node_modules/.staging/bindings-5eab317f/node_modules
267 silly gunzTarPerm extractEntry deps/include-osx/config.h
268 silly gunzTarPerm extractEntry deps/include-win/config.h
269 silly gunzTarPerm extractEntry deps/libssh-0.6.4/README
270 silly gunzTarPerm extractEntry deps/libssh-0.6.4/SubmittingPatches
271 silly gunzTarPerm extractEntry nan_implementation_12_inl.h
272 silly gunzTarPerm modified mode [ 'nan_implementation_12_inl.h', 436, 420 ]
273 silly gunzTarPerm extractEntry deps/libssh-0.6.4/CMakeLists.txt
274 silly gunzTarPerm extractEntry deps/libssh-0.6.4/COPYING
275 silly gunzTarPerm extractEntry deps/libssh-0.6.4/CPackConfig.cmake
276 silly gunzTarPerm extractEntry deps/libssh-0.6.4/CTestConfig.cmake
277 silly gunzTarPerm extractEntry deps/libssh-0.6.4/ChangeLog
278 silly gunzTarPerm extractEntry deps/libssh-0.6.4/CodingStyle
279 silly gunzTarPerm extractEntry nan_implementation_pre_12_inl.h
280 silly gunzTarPerm modified mode [ 'nan_implementation_pre_12_inl.h', 436, 420 ]
281 silly gunzTarPerm extractEntry deps/libssh-0.6.4/ConfigureChecks.cmake
282 silly gunzTarPerm extractEntry deps/libssh-0.6.4/DefineOptions.cmake
283 silly gunzTarPerm extractEntry nan_new.h
284 silly gunzTarPerm modified mode [ 'nan_new.h', 436, 420 ]
285 silly gunzTarPerm extractEntry nan_string_bytes.h
286 silly gunzTarPerm modified mode [ 'nan_string_bytes.h', 436, 420 ]
287 silly gunzTarPerm extractEntry CHANGELOG.md
288 silly gunzTarPerm modified mode [ 'CHANGELOG.md', 436, 420 ]
289 silly gunzTarPerm extractEntry tools/node_modules/commander/package.json
290 silly gunzTarPerm modified mode [ 'tools/node_modules/commander/package.json', 436, 420 ]
291 silly gunzTarPerm extractEntry deps/libssh-0.6.4/INSTALL
292 silly gunzTarPerm extractEntry deps/libssh-0.6.4/AUTHORS
293 silly gunzTarPerm extractEntry tools/node_modules/commander/LICENSE
294 silly gunzTarPerm modified mode [ 'tools/node_modules/commander/LICENSE', 436, 420 ]
295 silly gunzTarPerm extractEntry tools/node_modules/commander/index.js
296 silly gunzTarPerm modified mode [ 'tools/node_modules/commander/index.js', 436, 420 ]
297 silly gunzTarPerm extractEntry tools/node_modules/commander/History.md
298 silly gunzTarPerm modified mode [ 'tools/node_modules/commander/History.md', 436, 420 ]
299 silly gunzTarPerm extractEntry tools/node_modules/commander/Readme.md
300 silly gunzTarPerm modified mode [ 'tools/node_modules/commander/Readme.md', 436, 420 ]
301 silly gunzTarPerm extractEntry deps/libssh-0.6.4/BSD
302 silly gunzTarPerm extractEntry deps/libssh-0.6.4/cmake/Modules/FindCMocka.cmake
303 silly gunzTarPerm extractEntry tools/node_modules/commander/node_modules/graceful-readlink/package.json
304 silly gunzTarPerm modified mode [ 'tools/node_modules/commander/node_modules/graceful-readlink/package.json',
304 silly gunzTarPerm   436,
304 silly gunzTarPerm   420 ]
305 silly gunzTarPerm extractEntry tools/node_modules/commander/node_modules/graceful-readlink/.npmignore
306 silly gunzTarPerm modified mode [ 'tools/node_modules/commander/node_modules/graceful-readlink/.npmignore',
306 silly gunzTarPerm   436,
306 silly gunzTarPerm   420 ]
307 silly gunzTarPerm extractEntry tools/node_modules/commander/node_modules/graceful-readlink/README.md
308 silly gunzTarPerm modified mode [ 'tools/node_modules/commander/node_modules/graceful-readlink/README.md',
308 silly gunzTarPerm   436,
308 silly gunzTarPerm   420 ]
309 silly gunzTarPerm extractEntry deps/libssh-0.6.4/cmake/Modules/AddCMockaTest.cmake
310 silly gunzTarPerm extractEntry deps/libssh-0.6.4/cmake/Modules/CheckCCompilerFlagSSP.cmake
311 silly gunzTarPerm extractEntry deps/libssh-0.6.4/cmake/Modules/DefineCMakeDefaults.cmake
312 silly gunzTarPerm extractEntry deps/libssh-0.6.4/cmake/Modules/DefineCompilerFlags.cmake
313 silly gunzTarPerm extractEntry tools/node_modules/commander/node_modules/graceful-readlink/LICENSE
314 silly gunzTarPerm modified mode [ 'tools/node_modules/commander/node_modules/graceful-readlink/LICENSE',
314 silly gunzTarPerm   436,
314 silly gunzTarPerm   420 ]
315 silly gunzTarPerm extractEntry deps/libssh-0.6.4/cmake/Modules/DefineInstallationPaths.cmake
316 silly gunzTarPerm extractEntry deps/libssh-0.6.4/cmake/Modules/DefinePlatformDefaults.cmake
317 silly gunzTarPerm extractEntry deps/libssh-0.6.4/cmake/Modules/FindArgp.cmake
318 silly gunzTarPerm extractEntry tools/node_modules/commander/node_modules/graceful-readlink/index.js
319 silly gunzTarPerm modified mode [ 'tools/node_modules/commander/node_modules/graceful-readlink/index.js',
319 silly gunzTarPerm   436,
319 silly gunzTarPerm   420 ]
320 silly gunzTarPerm extractEntry deps/libssh-0.6.4/cmake/Modules/COPYING-CMAKE-SCRIPTS
321 silly gunzTarPerm extractEntry tools/node_modules/commander/node_modules/graceful-readlink/.travis.yml
322 silly gunzTarPerm modified mode [ 'tools/node_modules/commander/node_modules/graceful-readlink/.travis.yml',
322 silly gunzTarPerm   436,
322 silly gunzTarPerm   420 ]
323 silly gunzTarPerm extractEntry deps/libssh-0.6.4/cmake/Modules/FindGCrypt.cmake
324 silly gunzTarPerm extractEntry deps/libssh-0.6.4/cmake/Modules/FindGSSAPI.cmake
325 silly gunzTarPerm extractEntry deps/libssh-0.6.4/cmake/Modules/FindNSIS.cmake
326 silly gunzTarPerm extractEntry deps/libssh-0.6.4/cmake/Modules/FindNaCl.cmake
327 silly gunzTarPerm extractEntry deps/libssh-0.6.4/cmake/Modules/FindOpenSSL.cmake
328 silly gunzTarPerm extractEntry deps/libssh-0.6.4/cmake/Modules/FindZLIB.cmake
329 silly gunzTarPerm extractEntry tools/node_modules/glob/package.json
330 silly gunzTarPerm modified mode [ 'tools/node_modules/glob/package.json', 436, 420 ]
331 silly gunzTarPerm extractEntry tools/node_modules/glob/README.md
332 silly gunzTarPerm modified mode [ 'tools/node_modules/glob/README.md', 436, 420 ]
333 silly gunzTarPerm extractEntry tools/node_modules/glob/LICENSE
334 silly gunzTarPerm modified mode [ 'tools/node_modules/glob/LICENSE', 436, 420 ]
335 silly gunzTarPerm extractEntry deps/libssh-0.6.4/cmake/Modules/MacroEnsureOutOfSourceBuild.cmake
336 silly gunzTarPerm extractEntry deps/libssh-0.6.4/cmake/Modules/UseDoxygen.cmake
337 silly gunzTarPerm extractEntry deps/libssh-0.6.4/config.h.cmake
338 silly gunzTarPerm extractEntry deps/libssh-0.6.4/doc/introduction.dox
339 silly gunzTarPerm extractEntry tools/node_modules/glob/common.js
340 silly gunzTarPerm modified mode [ 'tools/node_modules/glob/common.js', 436, 420 ]
341 silly gunzTarPerm extractEntry tools/node_modules/glob/glob.js
342 silly gunzTarPerm modified mode [ 'tools/node_modules/glob/glob.js', 436, 420 ]
343 silly gunzTarPerm extractEntry deps/libssh-0.6.4/doc/CMakeLists.txt
344 silly gunzTarPerm extractEntry deps/libssh-0.6.4/doc/authentication.dox
345 silly gunzTarPerm extractEntry tools/node_modules/glob/sync.js
346 silly gunzTarPerm modified mode [ 'tools/node_modules/glob/sync.js', 436, 420 ]
347 silly gunzTarPerm extractEntry tools/node_modules/glob/node_modules/inflight/package.json
348 silly gunzTarPerm modified mode [ 'tools/node_modules/glob/node_modules/inflight/package.json',
348 silly gunzTarPerm   436,
348 silly gunzTarPerm   420 ]
349 silly gunzTarPerm extractEntry deps/libssh-0.6.4/doc/command.dox
350 silly gunzTarPerm extractEntry deps/libssh-0.6.4/doc/curve25519-sha256@libssh.org.txt
351 silly gunzTarPerm extractEntry deps/libssh-0.6.4/doc/forwarding.dox
352 silly gunzTarPerm extractEntry deps/libssh-0.6.4/doc/guided_tour.dox
353 silly gunzTarPerm extractEntry deps/libssh-0.6.4/doc/Doxyfile.in
354 silly gunzTarPerm extractEntry deps/libssh-0.6.4/doc/linking.dox
355 silly gunzTarPerm extractEntry tools/node_modules/glob/node_modules/inflight/README.md
356 silly gunzTarPerm modified mode [ 'tools/node_modules/glob/node_modules/inflight/README.md',
356 silly gunzTarPerm   436,
356 silly gunzTarPerm   420 ]
357 silly gunzTarPerm extractEntry tools/node_modules/glob/node_modules/inflight/LICENSE
358 silly gunzTarPerm modified mode [ 'tools/node_modules/glob/node_modules/inflight/LICENSE',
358 silly gunzTarPerm   436,
358 silly gunzTarPerm   420 ]
359 silly gunzTarPerm extractEntry deps/libssh-0.6.4/doc/mainpage.dox
360 silly gunzTarPerm extractEntry deps/libssh-0.6.4/doc/scp.dox
361 silly gunzTarPerm extractEntry tools/node_modules/glob/node_modules/inflight/inflight.js
362 silly gunzTarPerm modified mode [ 'tools/node_modules/glob/node_modules/inflight/inflight.js',
362 silly gunzTarPerm   436,
362 silly gunzTarPerm   420 ]
363 silly gunzTarPerm extractEntry tools/node_modules/glob/node_modules/inflight/test.js
364 silly gunzTarPerm modified mode [ 'tools/node_modules/glob/node_modules/inflight/test.js',
364 silly gunzTarPerm   436,
364 silly gunzTarPerm   420 ]
365 silly gunzTarPerm extractEntry tools/node_modules/glob/node_modules/inflight/.eslintrc
366 silly gunzTarPerm modified mode [ 'tools/node_modules/glob/node_modules/inflight/.eslintrc',
366 silly gunzTarPerm   436,
366 silly gunzTarPerm   420 ]
367 silly gunzTarPerm extractEntry tools/node_modules/glob/node_modules/inflight/node_modules/wrappy/package.json
368 silly gunzTarPerm modified mode [ 'tools/node_modules/glob/node_modules/inflight/node_modules/wrappy/package.json',
368 silly gunzTarPerm   436,
368 silly gunzTarPerm   420 ]
369 silly gunzTarPerm extractEntry tools/node_modules/glob/node_modules/inflight/node_modules/wrappy/README.md
370 silly gunzTarPerm modified mode [ 'tools/node_modules/glob/node_modules/inflight/node_modules/wrappy/README.md',
370 silly gunzTarPerm   436,
370 silly gunzTarPerm   420 ]
371 silly gunzTarPerm extractEntry tools/node_modules/glob/node_modules/inflight/node_modules/wrappy/LICENSE
372 silly gunzTarPerm modified mode [ 'tools/node_modules/glob/node_modules/inflight/node_modules/wrappy/LICENSE',
372 silly gunzTarPerm   436,
372 silly gunzTarPerm   420 ]
373 silly gunzTarPerm extractEntry tools/node_modules/glob/node_modules/inflight/node_modules/wrappy/wrappy.js
374 silly gunzTarPerm modified mode [ 'tools/node_modules/glob/node_modules/inflight/node_modules/wrappy/wrappy.js',
374 silly gunzTarPerm   436,
374 silly gunzTarPerm   420 ]
375 silly gunzTarPerm extractEntry tools/node_modules/glob/node_modules/inflight/node_modules/wrappy/test/basic.js
376 silly gunzTarPerm modified mode [ 'tools/node_modules/glob/node_modules/inflight/node_modules/wrappy/test/basic.js',
376 silly gunzTarPerm   436,
376 silly gunzTarPerm   420 ]
377 silly gunzTarPerm extractEntry tools/node_modules/glob/node_modules/inherits/package.json
378 silly gunzTarPerm modified mode [ 'tools/node_modules/glob/node_modules/inherits/package.json',
378 silly gunzTarPerm   436,
378 silly gunzTarPerm   420 ]
379 silly gunzTarPerm extractEntry tools/node_modules/glob/node_modules/inherits/README.md
380 silly gunzTarPerm modified mode [ 'tools/node_modules/glob/node_modules/inherits/README.md',
380 silly gunzTarPerm   436,
380 silly gunzTarPerm   420 ]
381 silly gunzTarPerm extractEntry tools/node_modules/glob/node_modules/inherits/LICENSE
382 silly gunzTarPerm modified mode [ 'tools/node_modules/glob/node_modules/inherits/LICENSE',
382 silly gunzTarPerm   436,
382 silly gunzTarPerm   420 ]
383 silly gunzTarPerm extractEntry tools/node_modules/glob/node_modules/inherits/inherits.js
384 silly gunzTarPerm modified mode [ 'tools/node_modules/glob/node_modules/inherits/inherits.js',
384 silly gunzTarPerm   436,
384 silly gunzTarPerm   420 ]
385 silly gunzTarPerm extractEntry tools/node_modules/glob/node_modules/inherits/inherits_browser.js
386 silly gunzTarPerm modified mode [ 'tools/node_modules/glob/node_modules/inherits/inherits_browser.js',
386 silly gunzTarPerm   436,
386 silly gunzTarPerm   420 ]
387 silly gunzTarPerm extractEntry tools/node_modules/glob/node_modules/inherits/test.js
388 silly gunzTarPerm modified mode [ 'tools/node_modules/glob/node_modules/inherits/test.js',
388 silly gunzTarPerm   436,
388 silly gunzTarPerm   420 ]
389 silly gunzTarPerm extractEntry tools/node_modules/glob/node_modules/minimatch/package.json
390 silly gunzTarPerm modified mode [ 'tools/node_modules/glob/node_modules/minimatch/package.json',
390 silly gunzTarPerm   436,
390 silly gunzTarPerm   420 ]
391 silly gunzTarPerm extractEntry tools/node_modules/glob/node_modules/minimatch/README.md
392 silly gunzTarPerm modified mode [ 'tools/node_modules/glob/node_modules/minimatch/README.md',
392 silly gunzTarPerm   436,
392 silly gunzTarPerm   420 ]
393 silly gunzTarPerm extractEntry tools/node_modules/glob/node_modules/minimatch/LICENSE
394 silly gunzTarPerm modified mode [ 'tools/node_modules/glob/node_modules/minimatch/LICENSE',
394 silly gunzTarPerm   436,
394 silly gunzTarPerm   420 ]
395 silly gunzTarPerm extractEntry tools/node_modules/glob/node_modules/minimatch/browser.js
396 silly gunzTarPerm modified mode [ 'tools/node_modules/glob/node_modules/minimatch/browser.js',
396 silly gunzTarPerm   436,
396 silly gunzTarPerm   420 ]
397 silly gunzTarPerm extractEntry tools/node_modules/glob/node_modules/minimatch/minimatch.js
398 silly gunzTarPerm modified mode [ 'tools/node_modules/glob/node_modules/minimatch/minimatch.js',
398 silly gunzTarPerm   436,
398 silly gunzTarPerm   420 ]
399 silly gunzTarPerm extractEntry tools/node_modules/glob/node_modules/minimatch/node_modules/brace-expansion/package.json
400 silly gunzTarPerm modified mode [ 'tools/node_modules/glob/node_modules/minimatch/node_modules/brace-expansion/package.json',
400 silly gunzTarPerm   436,
400 silly gunzTarPerm   420 ]
401 silly gunzTarPerm extractEntry tools/node_modules/glob/node_modules/minimatch/node_modules/brace-expansion/.npmignore
402 silly gunzTarPerm modified mode [ 'tools/node_modules/glob/node_modules/minimatch/node_modules/brace-expansion/.npmignore',
402 silly gunzTarPerm   436,
402 silly gunzTarPerm   420 ]
403 silly gunzTarPerm extractEntry tools/node_modules/glob/node_modules/minimatch/node_modules/brace-expansion/README.md
404 silly gunzTarPerm modified mode [ 'tools/node_modules/glob/node_modules/minimatch/node_modules/brace-expansion/README.md',
404 silly gunzTarPerm   436,
404 silly gunzTarPerm   420 ]
405 silly gunzTarPerm extractEntry tools/node_modules/glob/node_modules/minimatch/node_modules/brace-expansion/example.js
406 silly gunzTarPerm modified mode [ 'tools/node_modules/glob/node_modules/minimatch/node_modules/brace-expansion/example.js',
406 silly gunzTarPerm   436,
406 silly gunzTarPerm   420 ]
407 silly gunzTarPerm extractEntry tools/node_modules/glob/node_modules/minimatch/node_modules/brace-expansion/index.js
408 silly gunzTarPerm modified mode [ 'tools/node_modules/glob/node_modules/minimatch/node_modules/brace-expansion/index.js',
408 silly gunzTarPerm   436,
408 silly gunzTarPerm   420 ]
409 silly gunzTarPerm extractEntry tools/node_modules/glob/node_modules/minimatch/node_modules/brace-expansion/.travis.yml
410 silly gunzTarPerm modified mode [ 'tools/node_modules/glob/node_modules/minimatch/node_modules/brace-expansion/.travis.yml',
410 silly gunzTarPerm   436,
410 silly gunzTarPerm   420 ]
411 silly gunzTarPerm extractEntry tools/node_modules/glob/node_modules/minimatch/node_modules/brace-expansion/test/bash-comparison.js
412 silly gunzTarPerm modified mode [ 'tools/node_modules/glob/node_modules/minimatch/node_modules/brace-expansion/test/bash-comparison.js',
412 silly gunzTarPerm   436,
412 silly gunzTarPerm   420 ]
413 silly gunzTarPerm extractEntry tools/node_modules/glob/node_modules/minimatch/node_modules/brace-expansion/test/same-type.js
414 silly gunzTarPerm modified mode [ 'tools/node_modules/glob/node_modules/minimatch/node_modules/brace-expansion/test/same-type.js',
414 silly gunzTarPerm   436,
414 silly gunzTarPerm   420 ]
415 silly gunzTarPerm extractEntry tools/node_modules/glob/node_modules/minimatch/node_modules/brace-expansion/test/dollar.js
416 silly gunzTarPerm modified mode [ 'tools/node_modules/glob/node_modules/minimatch/node_modules/brace-expansion/test/dollar.js',
416 silly gunzTarPerm   436,
416 silly gunzTarPerm   420 ]
417 silly gunzTarPerm extractEntry tools/node_modules/glob/node_modules/minimatch/node_modules/brace-expansion/test/empty-option.js
418 silly gunzTarPerm modified mode [ 'tools/node_modules/glob/node_modules/minimatch/node_modules/brace-expansion/test/empty-option.js',
418 silly gunzTarPerm   436,
418 silly gunzTarPerm   420 ]
419 silly gunzTarPerm extractEntry tools/node_modules/glob/node_modules/minimatch/node_modules/brace-expansion/test/pad.js
420 silly gunzTarPerm modified mode [ 'tools/node_modules/glob/node_modules/minimatch/node_modules/brace-expansion/test/pad.js',
420 silly gunzTarPerm   436,
420 silly gunzTarPerm   420 ]
421 silly gunzTarPerm extractEntry tools/node_modules/glob/node_modules/minimatch/node_modules/brace-expansion/test/order.js
422 silly gunzTarPerm modified mode [ 'tools/node_modules/glob/node_modules/minimatch/node_modules/brace-expansion/test/order.js',
422 silly gunzTarPerm   436,
422 silly gunzTarPerm   420 ]
423 silly gunzTarPerm extractEntry tools/node_modules/glob/node_modules/minimatch/node_modules/brace-expansion/test/nested.js
424 silly gunzTarPerm modified mode [ 'tools/node_modules/glob/node_modules/minimatch/node_modules/brace-expansion/test/nested.js',
424 silly gunzTarPerm   436,
424 silly gunzTarPerm   420 ]
425 silly gunzTarPerm extractEntry tools/node_modules/glob/node_modules/minimatch/node_modules/brace-expansion/test/sequence.js
426 silly gunzTarPerm modified mode [ 'tools/node_modules/glob/node_modules/minimatch/node_modules/brace-expansion/test/sequence.js',
426 silly gunzTarPerm   436,
426 silly gunzTarPerm   420 ]
427 silly gunzTarPerm extractEntry tools/node_modules/glob/node_modules/minimatch/node_modules/brace-expansion/test/negative-increment.js
428 silly gunzTarPerm modified mode [ 'tools/node_modules/glob/node_modules/minimatch/node_modules/brace-expansion/test/negative-increment.js',
428 silly gunzTarPerm   436,
428 silly gunzTarPerm   420 ]
429 silly gunzTarPerm extractEntry tools/node_modules/glob/node_modules/minimatch/node_modules/brace-expansion/test/bash-results.txt
430 silly gunzTarPerm modified mode [ 'tools/node_modules/glob/node_modules/minimatch/node_modules/brace-expansion/test/bash-results.txt',
430 silly gunzTarPerm   436,
430 silly gunzTarPerm   420 ]
431 silly gunzTarPerm extractEntry tools/node_modules/glob/node_modules/minimatch/node_modules/brace-expansion/test/generate.sh
432 silly gunzTarPerm modified mode [ 'tools/node_modules/glob/node_modules/minimatch/node_modules/brace-expansion/test/generate.sh',
432 silly gunzTarPerm   436,
432 silly gunzTarPerm   420 ]
433 silly gunzTarPerm extractEntry tools/node_modules/glob/node_modules/minimatch/node_modules/brace-expansion/test/cases.txt
434 silly gunzTarPerm modified mode [ 'tools/node_modules/glob/node_modules/minimatch/node_modules/brace-expansion/test/cases.txt',
434 silly gunzTarPerm   436,
434 silly gunzTarPerm   420 ]
435 silly gunzTarPerm extractEntry tools/node_modules/glob/node_modules/minimatch/node_modules/brace-expansion/node_modules/balanced-match/package.json
436 silly gunzTarPerm modified mode [ 'tools/node_modules/glob/node_modules/minimatch/node_modules/brace-expansion/node_modules/balanced-match/package.json',
436 silly gunzTarPerm   436,
436 silly gunzTarPerm   420 ]
437 silly gunzTarPerm extractEntry tools/node_modules/glob/node_modules/minimatch/node_modules/brace-expansion/node_modules/balanced-match/.npmignore
438 silly gunzTarPerm modified mode [ 'tools/node_modules/glob/node_modules/minimatch/node_modules/brace-expansion/node_modules/balanced-match/.npmignore',
438 silly gunzTarPerm   436,
438 silly gunzTarPerm   420 ]
439 silly gunzTarPerm extractEntry tools/node_modules/glob/node_modules/minimatch/node_modules/brace-expansion/node_modules/balanced-match/README.md
440 silly gunzTarPerm modified mode [ 'tools/node_modules/glob/node_modules/minimatch/node_modules/brace-expansion/node_modules/balanced-match/README.md',
440 silly gunzTarPerm   436,
440 silly gunzTarPerm   420 ]
441 silly gunzTarPerm extractEntry tools/node_modules/glob/node_modules/minimatch/node_modules/brace-expansion/node_modules/balanced-match/example.js
442 silly gunzTarPerm modified mode [ 'tools/node_modules/glob/node_modules/minimatch/node_modules/brace-expansion/node_modules/balanced-match/example.js',
442 silly gunzTarPerm   436,
442 silly gunzTarPerm   420 ]
443 silly gunzTarPerm extractEntry tools/node_modules/glob/node_modules/minimatch/node_modules/brace-expansion/node_modules/balanced-match/index.js
444 silly gunzTarPerm modified mode [ 'tools/node_modules/glob/node_modules/minimatch/node_modules/brace-expansion/node_modules/balanced-match/index.js',
444 silly gunzTarPerm   436,
444 silly gunzTarPerm   420 ]
445 silly gunzTarPerm extractEntry tools/node_modules/glob/node_modules/minimatch/node_modules/brace-expansion/node_modules/balanced-match/.travis.yml
446 silly gunzTarPerm modified mode [ 'tools/node_modules/glob/node_modules/minimatch/node_modules/brace-expansion/node_modules/balanced-match/.travis.yml',
446 silly gunzTarPerm   436,
446 silly gunzTarPerm   420 ]
447 silly gunzTarPerm extractEntry tools/node_modules/glob/node_modules/minimatch/node_modules/brace-expansion/node_modules/balanced-match/Makefile
448 silly gunzTarPerm modified mode [ 'tools/node_modules/glob/node_modules/minimatch/node_modules/brace-expansion/node_modules/balanced-match/Makefile',
448 silly gunzTarPerm   436,
448 silly gunzTarPerm   420 ]
449 silly gunzTarPerm extractEntry tools/node_modules/glob/node_modules/minimatch/node_modules/brace-expansion/node_modules/balanced-match/test/balanced.js
450 silly gunzTarPerm modified mode [ 'tools/node_modules/glob/node_modules/minimatch/node_modules/brace-expansion/node_modules/balanced-match/test/balanced.js',
450 silly gunzTarPerm   436,
450 silly gunzTarPerm   420 ]
451 silly gunzTarPerm extractEntry tools/node_modules/glob/node_modules/minimatch/node_modules/brace-expansion/node_modules/concat-map/package.json
452 silly gunzTarPerm modified mode [ 'tools/node_modules/glob/node_modules/minimatch/node_modules/brace-expansion/node_modules/concat-map/package.json',
452 silly gunzTarPerm   436,
452 silly gunzTarPerm   420 ]
453 silly gunzTarPerm extractEntry tools/node_modules/glob/node_modules/minimatch/node_modules/brace-expansion/node_modules/concat-map/LICENSE
454 silly gunzTarPerm modified mode [ 'tools/node_modules/glob/node_modules/minimatch/node_modules/brace-expansion/node_modules/concat-map/LICENSE',
454 silly gunzTarPerm   436,
454 silly gunzTarPerm   420 ]
455 silly gunzTarPerm extractEntry tools/node_modules/glob/node_modules/minimatch/node_modules/brace-expansion/node_modules/concat-map/index.js
456 silly gunzTarPerm modified mode [ 'tools/node_modules/glob/node_modules/minimatch/node_modules/brace-expansion/node_modules/concat-map/index.js',
456 silly gunzTarPerm   436,
456 silly gunzTarPerm   420 ]
457 silly gunzTarPerm extractEntry tools/node_modules/glob/node_modules/minimatch/node_modules/brace-expansion/node_modules/concat-map/.travis.yml
458 silly gunzTarPerm modified mode [ 'tools/node_modules/glob/node_modules/minimatch/node_modules/brace-expansion/node_modules/concat-map/.travis.yml',
458 silly gunzTarPerm   436,
458 silly gunzTarPerm   420 ]
459 silly gunzTarPerm extractEntry tools/node_modules/glob/node_modules/minimatch/node_modules/brace-expansion/node_modules/concat-map/README.markdown
460 silly gunzTarPerm modified mode [ 'tools/node_modules/glob/node_modules/minimatch/node_modules/brace-expansion/node_modules/concat-map/README.markdown',
460 silly gunzTarPerm   436,
460 silly gunzTarPerm   420 ]
461 silly gunzTarPerm extractEntry tools/node_modules/glob/node_modules/minimatch/node_modules/brace-expansion/node_modules/concat-map/example/map.js
462 silly gunzTarPerm modified mode [ 'tools/node_modules/glob/node_modules/minimatch/node_modules/brace-expansion/node_modules/concat-map/example/map.js',
462 silly gunzTarPerm   436,
462 silly gunzTarPerm   420 ]
463 silly gunzTarPerm extractEntry tools/node_modules/glob/node_modules/minimatch/node_modules/brace-expansion/node_modules/concat-map/test/map.js
464 silly gunzTarPerm modified mode [ 'tools/node_modules/glob/node_modules/minimatch/node_modules/brace-expansion/node_modules/concat-map/test/map.js',
464 silly gunzTarPerm   436,
464 silly gunzTarPerm   420 ]
465 silly gunzTarPerm extractEntry tools/node_modules/glob/node_modules/once/package.json
466 silly gunzTarPerm modified mode [ 'tools/node_modules/glob/node_modules/once/package.json',
466 silly gunzTarPerm   436,
466 silly gunzTarPerm   420 ]
467 silly gunzTarPerm extractEntry tools/node_modules/glob/node_modules/once/README.md
468 silly gunzTarPerm modified mode [ 'tools/node_modules/glob/node_modules/once/README.md',
468 silly gunzTarPerm   436,
468 silly gunzTarPerm   420 ]
469 silly gunzTarPerm extractEntry tools/node_modules/glob/node_modules/once/LICENSE
470 silly gunzTarPerm modified mode [ 'tools/node_modules/glob/node_modules/once/LICENSE', 436, 420 ]
471 silly gunzTarPerm extractEntry tools/node_modules/glob/node_modules/once/once.js
472 silly gunzTarPerm modified mode [ 'tools/node_modules/glob/node_modules/once/once.js', 436, 420 ]
473 silly gunzTarPerm extractEntry tools/node_modules/glob/node_modules/once/test/once.js
474 silly gunzTarPerm modified mode [ 'tools/node_modules/glob/node_modules/once/test/once.js',
474 silly gunzTarPerm   436,
474 silly gunzTarPerm   420 ]
475 silly gunzTarPerm extractEntry tools/node_modules/glob/node_modules/once/node_modules/wrappy/package.json
476 silly gunzTarPerm modified mode [ 'tools/node_modules/glob/node_modules/once/node_modules/wrappy/package.json',
476 silly gunzTarPerm   436,
476 silly gunzTarPerm   420 ]
477 silly gunzTarPerm extractEntry tools/node_modules/glob/node_modules/once/node_modules/wrappy/README.md
478 silly gunzTarPerm modified mode [ 'tools/node_modules/glob/node_modules/once/node_modules/wrappy/README.md',
478 silly gunzTarPerm   436,
478 silly gunzTarPerm   420 ]
479 silly gunzTarPerm extractEntry tools/node_modules/glob/node_modules/once/node_modules/wrappy/LICENSE
480 silly gunzTarPerm modified mode [ 'tools/node_modules/glob/node_modules/once/node_modules/wrappy/LICENSE',
480 silly gunzTarPerm   436,
480 silly gunzTarPerm   420 ]
481 silly gunzTarPerm extractEntry tools/node_modules/glob/node_modules/once/node_modules/wrappy/wrappy.js
482 silly gunzTarPerm modified mode [ 'tools/node_modules/glob/node_modules/once/node_modules/wrappy/wrappy.js',
482 silly gunzTarPerm   436,
482 silly gunzTarPerm   420 ]
483 silly gunzTarPerm extractEntry tools/node_modules/glob/node_modules/once/node_modules/wrappy/test/basic.js
484 silly gunzTarPerm modified mode [ 'tools/node_modules/glob/node_modules/once/node_modules/wrappy/test/basic.js',
484 silly gunzTarPerm   436,
484 silly gunzTarPerm   420 ]
485 silly gunzTarPerm extractEntry tools/node_modules/glob/node_modules/path-is-absolute/package.json
486 silly gunzTarPerm modified mode [ 'tools/node_modules/glob/node_modules/path-is-absolute/package.json',
486 silly gunzTarPerm   436,
486 silly gunzTarPerm   420 ]
487 silly gunzTarPerm extractEntry tools/node_modules/glob/node_modules/path-is-absolute/index.js
488 silly gunzTarPerm modified mode [ 'tools/node_modules/glob/node_modules/path-is-absolute/index.js',
488 silly gunzTarPerm   436,
488 silly gunzTarPerm   420 ]
489 silly gunzTarPerm extractEntry tools/node_modules/glob/node_modules/path-is-absolute/license
490 silly gunzTarPerm modified mode [ 'tools/node_modules/glob/node_modules/path-is-absolute/license',
490 silly gunzTarPerm   436,
490 silly gunzTarPerm   420 ]
491 silly gunzTarPerm extractEntry tools/node_modules/glob/node_modules/path-is-absolute/readme.md
492 silly gunzTarPerm modified mode [ 'tools/node_modules/glob/node_modules/path-is-absolute/readme.md',
492 silly gunzTarPerm   436,
492 silly gunzTarPerm   420 ]
493 silly gunzTarPerm extractEntry deps/libssh-0.6.4/doc/sftp.dox
494 silly gunzTarPerm extractEntry deps/libssh-0.6.4/doc/shell.dox
495 silly gunzTarPerm extractEntry deps/libssh-0.6.4/doc/tbd.dox
496 silly gunzTarPerm extractEntry deps/libssh-0.6.4/doc/threading.dox
497 silly gunzTarPerm extractEntry deps/libssh-0.6.4/examples/proxy.c
498 silly gunzTarPerm extractEntry deps/libssh-0.6.4/examples/CMakeLists.txt
499 silly gunzTarPerm extractEntry deps/libssh-0.6.4/examples/connect_ssh.c
500 silly gunzTarPerm extractEntry deps/libssh-0.6.4/examples/examples_common.h
501 silly gunzTarPerm extractEntry deps/libssh-0.6.4/examples/exec.c
502 silly gunzTarPerm extractEntry deps/libssh-0.6.4/examples/knownhosts.c
503 silly gunzTarPerm extractEntry deps/libssh-0.6.4/examples/libssh_scp.c
504 silly gunzTarPerm extractEntry deps/libssh-0.6.4/examples/libsshpp.cpp
505 silly gunzTarPerm extractEntry deps/libssh-0.6.4/examples/libsshpp_noexcept.cpp
506 silly gunzTarPerm extractEntry deps/libssh-0.6.4/examples/authentication.c
507 silly gunzTarPerm extractEntry deps/libssh-0.6.4/examples/sample.c
508 silly gunzTarPerm extractEntry deps/libssh-0.6.4/examples/samplesftp.c
509 silly gunzTarPerm extractEntry deps/libssh-0.6.4/examples/samplesshd-cb.c
510 silly gunzTarPerm extractEntry deps/libssh-0.6.4/examples/samplesshd-kbdint.c
511 silly gunzTarPerm extractEntry deps/libssh-0.6.4/examples/samplesshd-tty.c
512 silly gunzTarPerm extractEntry deps/libssh-0.6.4/examples/samplesshd.c
513 silly gunzTarPerm extractEntry deps/libssh-0.6.4/examples/scp_download.c
514 silly gunzTarPerm extractEntry deps/libssh-0.6.4/examples/senddata.c
515 silly gunzTarPerm extractEntry deps/libssh-0.6.4/examples/sshnetcat.c
516 silly gunzTarPerm extractEntry deps/libssh-0.6.4/include/CMakeLists.txt
517 silly gunzTarPerm extractEntry deps/libssh-0.6.4/include/libssh/libsshpp.hpp
518 silly gunzTarPerm extractEntry deps/libssh-0.6.4/include/libssh/CMakeLists.txt
519 silly gunzTarPerm extractEntry deps/libssh-0.6.4/include/libssh/auth.h
520 silly gunzTarPerm extractEntry deps/libssh-0.6.4/include/libssh/bind.h
521 silly gunzTarPerm extractEntry deps/libssh-0.6.4/include/libssh/buffer.h
522 silly gunzTarPerm extractEntry deps/libssh-0.6.4/include/libssh/callbacks.h
523 silly gunzTarPerm extractEntry deps/libssh-0.6.4/include/libssh/channels.h
524 silly gunzTarPerm extractEntry deps/libssh-0.6.4/include/libssh/crc32.h
525 silly gunzTarPerm extractEntry deps/libssh-0.6.4/include/libssh/crypto.h
526 silly gunzTarPerm extractEntry deps/libssh-0.6.4/include/libssh/curve25519.h
527 silly gunzTarPerm extractEntry deps/libssh-0.6.4/include/libssh/dh.h
528 silly gunzTarPerm extractEntry deps/libssh-0.6.4/include/libssh/ecdh.h
529 silly gunzTarPerm extractEntry deps/libssh-0.6.4/include/libssh/gssapi.h
530 silly gunzTarPerm extractEntry deps/libssh-0.6.4/include/libssh/kex.h
531 silly gunzTarPerm extractEntry deps/libssh-0.6.4/include/libssh/keys.h
532 silly gunzTarPerm extractEntry deps/libssh-0.6.4/include/libssh/knownhosts.h
533 silly gunzTarPerm extractEntry deps/libssh-0.6.4/include/libssh/legacy.h
534 silly gunzTarPerm extractEntry deps/libssh-0.6.4/include/libssh/libcrypto.h
535 silly gunzTarPerm extractEntry deps/libssh-0.6.4/include/libssh/libgcrypt.h
536 silly gunzTarPerm extractEntry deps/libssh-0.6.4/include/libssh/libssh.h
537 silly gunzTarPerm extractEntry deps/libssh-0.6.4/include/libssh/agent.h
538 silly gunzTarPerm extractEntry deps/libssh-0.6.4/include/libssh/messages.h
539 silly gunzTarPerm extractEntry deps/libssh-0.6.4/include/libssh/misc.h
540 silly gunzTarPerm extractEntry deps/libssh-0.6.4/include/libssh/options.h
541 silly gunzTarPerm extractEntry deps/libssh-0.6.4/include/libssh/packet.h
542 silly gunzTarPerm extractEntry deps/libssh-0.6.4/include/libssh/pcap.h
543 silly gunzTarPerm extractEntry deps/libssh-0.6.4/include/libssh/pki.h
544 silly gunzTarPerm extractEntry deps/libssh-0.6.4/include/libssh/pki_priv.h
545 silly gunzTarPerm extractEntry deps/libssh-0.6.4/include/libssh/poll.h
546 silly gunzTarPerm extractEntry deps/libssh-0.6.4/include/libssh/priv.h
547 silly gunzTarPerm extractEntry deps/libssh-0.6.4/include/libssh/scp.h
548 silly gunzTarPerm extractEntry deps/libssh-0.6.4/include/libssh/server.h
549 silly gunzTarPerm extractEntry deps/libssh-0.6.4/include/libssh/session.h
550 silly gunzTarPerm extractEntry deps/libssh-0.6.4/include/libssh/sftp.h
551 silly gunzTarPerm extractEntry deps/libssh-0.6.4/include/libssh/socket.h
552 silly gunzTarPerm extractEntry deps/libssh-0.6.4/include/libssh/ssh1.h
553 silly gunzTarPerm extractEntry deps/libssh-0.6.4/include/libssh/ssh2.h
554 silly gunzTarPerm extractEntry deps/libssh-0.6.4/include/libssh/string.h
555 silly gunzTarPerm extractEntry deps/libssh-0.6.4/include/libssh/threads.h
556 silly gunzTarPerm extractEntry deps/libssh-0.6.4/include/libssh/wrapper.h
557 silly gunzTarPerm extractEntry deps/libssh-0.6.4/libssh-build-tree-settings.cmake.in
558 silly gunzTarPerm extractEntry deps/libssh-0.6.4/libssh-config-version.cmake.in
559 silly gunzTarPerm extractEntry deps/libssh-0.6.4/libssh-config.cmake.in
560 silly gunzTarPerm extractEntry deps/libssh-0.6.4/libssh.pc.cmake
561 silly gunzTarPerm extractEntry deps/libssh-0.6.4/libssh_threads.pc.cmake
562 silly gunzTarPerm extractEntry deps/libssh-0.6.4/src/legacy.c
563 silly gunzTarPerm extractEntry deps/libssh-0.6.4/src/CMakeLists.txt
564 silly gunzTarPerm extractEntry deps/libssh-0.6.4/src/auth.c
565 silly gunzTarPerm extractEntry deps/libssh-0.6.4/src/auth1.c
566 silly gunzTarPerm extractEntry deps/libssh-0.6.4/src/base64.c
567 silly gunzTarPerm extractEntry deps/libssh-0.6.4/src/bind.c
568 silly gunzTarPerm extractEntry deps/libssh-0.6.4/src/buffer.c
569 silly gunzTarPerm extractEntry deps/libssh-0.6.4/src/callbacks.c
570 silly gunzTarPerm extractEntry deps/libssh-0.6.4/src/channels.c
571 silly gunzTarPerm extractEntry deps/libssh-0.6.4/src/channels1.c
572 silly gunzTarPerm extractEntry deps/libssh-0.6.4/src/client.c
573 silly gunzTarPerm extractEntry deps/libssh-0.6.4/src/config.c
574 silly gunzTarPerm extractEntry deps/libssh-0.6.4/src/connect.c
575 silly gunzTarPerm extractEntry deps/libssh-0.6.4/src/crc32.c
576 silly gunzTarPerm extractEntry deps/libssh-0.6.4/src/curve25519.c
577 silly gunzTarPerm extractEntry deps/libssh-0.6.4/src/curve25519_ref.c
578 silly gunzTarPerm extractEntry deps/libssh-0.6.4/src/dh.c
579 silly gunzTarPerm extractEntry deps/libssh-0.6.4/src/ecdh.c
580 silly gunzTarPerm extractEntry deps/libssh-0.6.4/src/error.c
581 silly gunzTarPerm extractEntry deps/libssh-0.6.4/src/gcrypt_missing.c
582 silly gunzTarPerm extractEntry deps/libssh-0.6.4/src/getpass.c
583 silly gunzTarPerm extractEntry deps/libssh-0.6.4/src/gssapi.c
584 silly gunzTarPerm extractEntry deps/libssh-0.6.4/src/gzip.c
585 silly gunzTarPerm extractEntry deps/libssh-0.6.4/src/init.c
586 silly gunzTarPerm extractEntry deps/libssh-0.6.4/src/kex.c
587 silly gunzTarPerm extractEntry deps/libssh-0.6.4/src/kex1.c
588 silly gunzTarPerm extractEntry deps/libssh-0.6.4/src/known_hosts.c
589 silly gunzTarPerm extractEntry deps/libssh-0.6.4/src/agent.c
590 silly gunzTarPerm extractEntry deps/libssh-0.6.4/src/libcrypto.c
591 silly gunzTarPerm extractEntry deps/libssh-0.6.4/src/libgcrypt.c
592 silly gunzTarPerm extractEntry deps/libssh-0.6.4/src/log.c
593 silly gunzTarPerm extractEntry deps/libssh-0.6.4/src/match.c
594 silly gunzTarPerm extractEntry deps/libssh-0.6.4/src/messages.c
595 silly gunzTarPerm extractEntry deps/libssh-0.6.4/src/misc.c
596 silly gunzTarPerm extractEntry deps/libssh-0.6.4/src/options.c
597 silly gunzTarPerm extractEntry deps/libssh-0.6.4/src/packet.c
598 silly gunzTarPerm extractEntry deps/libssh-0.6.4/src/packet1.c
599 silly gunzTarPerm extractEntry deps/libssh-0.6.4/src/packet_cb.c
600 silly gunzTarPerm extractEntry deps/libssh-0.6.4/src/packet_crypt.c
601 silly gunzTarPerm extractEntry deps/libssh-0.6.4/src/pcap.c
602 silly gunzTarPerm extractEntry deps/libssh-0.6.4/src/pki.c
603 silly gunzTarPerm extractEntry deps/libssh-0.6.4/src/pki_crypto.c
604 silly gunzTarPerm extractEntry deps/libssh-0.6.4/src/pki_gcrypt.c
605 silly gunzTarPerm extractEntry deps/libssh-0.6.4/src/poll.c
606 silly gunzTarPerm extractEntry deps/libssh-0.6.4/src/scp.c
607 silly gunzTarPerm extractEntry deps/libssh-0.6.4/src/server.c
608 silly gunzTarPerm extractEntry deps/libssh-0.6.4/src/session.c
609 silly gunzTarPerm extractEntry deps/libssh-0.6.4/src/sftp.c
610 silly gunzTarPerm extractEntry deps/libssh-0.6.4/src/sftpserver.c
611 silly gunzTarPerm extractEntry deps/libssh-0.6.4/src/socket.c
612 silly gunzTarPerm extractEntry deps/libssh-0.6.4/src/string.c
613 silly gunzTarPerm extractEntry deps/libssh-0.6.4/src/threads/CMakeLists.txt
614 silly gunzTarPerm extractEntry deps/libssh-0.6.4/src/threads/pthread.c
615 silly gunzTarPerm extractEntry deps/libssh-0.6.4/src/threads.c
616 silly gentlyRm /home/maeva/smartkeeper/node_modules/.staging/nan-1842ddff/node_modules is being purged
617 verbose gentlyRm don't care about contents; nuking /home/maeva/smartkeeper/node_modules/.staging/nan-1842ddff/node_modules
618 silly gunzTarPerm extractEntry deps/libssh-0.6.4/src/wrapper.c
619 silly gunzTarPerm extractEntry deps/libssh-0.6.4/tests/test_exec.c
620 silly gunzTarPerm extractEntry deps/libssh-0.6.4/tests/CMakeLists.txt
621 silly gunzTarPerm extractEntry deps/libssh-0.6.4/tests/benchmarks/CMakeLists.txt
622 silly gunzTarPerm extractEntry deps/libssh-0.6.4/tests/benchmarks/bench1.sh
623 silly gunzTarPerm extractEntry deps/libssh-0.6.4/tests/benchmarks/bench2.sh
624 silly gunzTarPerm extractEntry deps/libssh-0.6.4/tests/benchmarks/bench_raw.c
625 silly gunzTarPerm extractEntry deps/libssh-0.6.4/tests/benchmarks/bench_scp.c
626 silly gunzTarPerm extractEntry deps/libssh-0.6.4/tests/benchmarks/bench_sftp.c
627 silly gunzTarPerm extractEntry deps/libssh-0.6.4/tests/benchmarks/benchmarks.c
628 silly gunzTarPerm extractEntry deps/libssh-0.6.4/tests/benchmarks/benchmarks.h
629 silly gunzTarPerm extractEntry deps/libssh-0.6.4/tests/benchmarks/latency.c
630 silly gunzTarPerm extractEntry deps/libssh-0.6.4/tests/chmodtest.c
631 silly gunzTarPerm extractEntry deps/libssh-0.6.4/tests/client/torture_proxycommand.c
632 silly gunzTarPerm extractEntry deps/libssh-0.6.4/tests/client/CMakeLists.txt
633 silly gunzTarPerm extractEntry deps/libssh-0.6.4/tests/client/torture_auth.c
634 silly gunzTarPerm extractEntry deps/libssh-0.6.4/tests/client/torture_connect.c
635 silly gunzTarPerm extractEntry deps/libssh-0.6.4/tests/client/torture_forward.c
636 silly gunzTarPerm extractEntry deps/libssh-0.6.4/tests/client/torture_knownhosts.c
637 silly gunzTarPerm extractEntry deps/libssh-0.6.4/tests/client/torture_algorithms.c
638 silly gunzTarPerm extractEntry deps/libssh-0.6.4/tests/client/torture_request_env.c
639 silly gunzTarPerm extractEntry deps/libssh-0.6.4/tests/client/torture_session.c
640 silly gunzTarPerm extractEntry deps/libssh-0.6.4/tests/client/torture_sftp_dir.c
641 silly gunzTarPerm extractEntry deps/libssh-0.6.4/tests/client/torture_sftp_read.c
642 silly gunzTarPerm extractEntry deps/libssh-0.6.4/tests/client/torture_sftp_static.c
643 silly gunzTarPerm extractEntry deps/libssh-0.6.4/tests/cmdline.c
644 silly gunzTarPerm extractEntry deps/libssh-0.6.4/tests/connection.c
645 silly gunzTarPerm extractEntry deps/libssh-0.6.4/tests/ctest-default.cmake
646 silly gunzTarPerm extractEntry deps/libssh-0.6.4/tests/generate.py
647 silly gunzTarPerm extractEntry deps/libssh-0.6.4/tests/sftp_stress/main.c
648 silly gunzTarPerm extractEntry deps/libssh-0.6.4/tests/authentication.c
649 silly gunzTarPerm extractEntry deps/libssh-0.6.4/tests/test_pcap.c
650 silly gunzTarPerm extractEntry deps/libssh-0.6.4/tests/test_socket.c
651 silly gunzTarPerm extractEntry deps/libssh-0.6.4/tests/test_ssh_bind_accept_fd.c
652 silly gunzTarPerm extractEntry deps/libssh-0.6.4/tests/test_tunnel.c
653 silly gunzTarPerm extractEntry deps/libssh-0.6.4/tests/tests.h
654 silly gunzTarPerm extractEntry deps/libssh-0.6.4/tests/torture.c
655 silly gunzTarPerm extractEntry deps/libssh-0.6.4/tests/torture.h
656 silly gunzTarPerm extractEntry deps/libssh-0.6.4/tests/unittests/torture_keyfiles.c
657 silly gunzTarPerm extractEntry deps/libssh-0.6.4/tests/unittests/CMakeLists.txt
658 silly gunzTarPerm extractEntry deps/libssh-0.6.4/tests/unittests/torture_callbacks.c
659 silly gunzTarPerm extractEntry deps/libssh-0.6.4/tests/unittests/torture_channel.c
660 silly gunzTarPerm extractEntry deps/libssh-0.6.4/tests/unittests/torture_init.c
661 silly gunzTarPerm extractEntry deps/libssh-0.6.4/tests/unittests/torture_isipaddr.c
662 silly gunzTarPerm extractEntry deps/libssh-0.6.4/tests/unittests/torture_buffer.c
663 silly gunzTarPerm extractEntry deps/libssh-0.6.4/tests/unittests/torture_list.c
664 silly gunzTarPerm extractEntry deps/libssh-0.6.4/tests/unittests/torture_misc.c
665 silly gunzTarPerm extractEntry deps/libssh-0.6.4/tests/unittests/torture_options.c
666 silly gunzTarPerm extractEntry deps/libssh-0.6.4/tests/unittests/torture_pki.c
667 silly gunzTarPerm extractEntry deps/libssh-0.6.4/tests/unittests/torture_rand.c
668 silly gunzTarPerm extractEntry deps/libssh-0.6.4/tests/valgrind.supp
669 silly gunzTarPerm extractEntry deps/libssh.gyp
670 silly gunzTarPerm extractEntry examples/exec.js
671 silly gunzTarPerm extractEntry examples/stdiopipe.js
672 silly gunzTarPerm extractEntry examples/term.js
673 silly gunzTarPerm extractEntry examples/trickysftp.js
674 silly gunzTarPerm extractEntry examples/fileforyou.txt
675 silly gunzTarPerm extractEntry CONTRIBUTING.md
676 silly gunzTarPerm extractEntry lib/channel.js
677 silly gunzTarPerm extractEntry lib/server.js
678 silly gunzTarPerm extractEntry lib/session.js
679 silly gunzTarPerm extractEntry lib/stat.js
680 silly gunzTarPerm extractEntry .dntrc
681 silly gunzTarPerm extractEntry src/server.cc
682 silly gunzTarPerm extractEntry src/channel.cc
683 silly gunzTarPerm extractEntry src/message.cc
684 silly gunzTarPerm extractEntry src/message.h
685 silly gunzTarPerm extractEntry src/nssh.cc
686 silly gunzTarPerm extractEntry src/nssh.h
687 silly gunzTarPerm extractEntry src/channel.h
688 silly gunzTarPerm extractEntry src/server.h
689 silly gunzTarPerm extractEntry src/session.cc
690 silly gunzTarPerm extractEntry src/session.h
691 silly gunzTarPerm extractEntry src/sftp_message.cc
692 silly gunzTarPerm extractEntry src/sftp_message.h
693 silly gunzTarPerm extractEntry test/basic-test.js
694 silly gunzTarPerm extractEntry test/exec-test.js
695 silly gunzTarPerm extractEntry test/execute-server.js
696 silly gunzTarPerm extractEntry test/sftp-test.js
697 silly gunzTarPerm extractEntry test/standard-connection-test.js
698 silly gunzTarPerm extractEntry test/util.js
699 silly gunzTarPerm extractEntry test/keys/host_dsa
700 silly gunzTarPerm extractEntry test/keys/host_dsa.pub
701 silly gunzTarPerm extractEntry test/keys/host_rsa
702 silly gunzTarPerm extractEntry test/keys/host_rsa.pub
703 silly gunzTarPerm extractEntry test/keys/id_rsa
704 silly gunzTarPerm extractEntry test/keys/id_rsa.pub
705 silly gunzTarPerm extractEntry test/testdata.bin
706 silly gentlyRm /home/maeva/smartkeeper/node_modules/.staging/ssh-c91df64d/node_modules is being purged
707 verbose gentlyRm don't care about contents; nuking /home/maeva/smartkeeper/node_modules/.staging/ssh-c91df64d/node_modules
708 silly doParallel preinstall 3
709 silly preinstall bindings@1.2.1 /home/maeva/smartkeeper/node_modules/.staging/bindings-5eab317f
710 info lifecycle bindings@1.2.1~preinstall: bindings@1.2.1
711 silly preinstall nan@1.9.0 /home/maeva/smartkeeper/node_modules/.staging/nan-1842ddff
712 info lifecycle nan@1.9.0~preinstall: nan@1.9.0
713 silly preinstall ssh@1.8.0 /home/maeva/smartkeeper/node_modules/.staging/ssh-c91df64d
714 info lifecycle ssh@1.8.0~preinstall: ssh@1.8.0
715 silly lifecycle bindings@1.2.1~preinstall: no script for preinstall, continuing
716 silly lifecycle nan@1.9.0~preinstall: no script for preinstall, continuing
717 silly lifecycle ssh@1.8.0~preinstall: no script for preinstall, continuing
718 silly doReverseSerial remove 0
719 silly doSerial move 0
720 silly doSerial finalize 3
721 silly finalize /home/maeva/smartkeeper/node_modules/bindings
722 silly finalize /home/maeva/smartkeeper/node_modules/nan
723 silly finalize /home/maeva/smartkeeper/node_modules/ssh
724 silly doSerial build 3
725 silly build bindings@1.2.1
726 info linkStuff bindings@1.2.1
727 silly linkStuff bindings@1.2.1 has /home/maeva/smartkeeper/node_modules as its parent node_modules
728 verbose linkBins bindings@1.2.1
729 verbose linkMans bindings@1.2.1
730 silly build nan@1.9.0
731 info linkStuff nan@1.9.0
732 silly linkStuff nan@1.9.0 has /home/maeva/smartkeeper/node_modules as its parent node_modules
733 verbose linkBins nan@1.9.0
734 verbose linkMans nan@1.9.0
735 silly build ssh@1.8.0
736 info linkStuff ssh@1.8.0
737 silly linkStuff ssh@1.8.0 has /home/maeva/smartkeeper/node_modules as its parent node_modules
738 verbose linkBins ssh@1.8.0
739 verbose linkMans ssh@1.8.0
740 silly doSerial global-link 0
741 silly doParallel update-linked 0
742 silly doSerial install 3
743 silly install bindings@1.2.1 /home/maeva/smartkeeper/node_modules/.staging/bindings-5eab317f
744 info lifecycle bindings@1.2.1~install: bindings@1.2.1
745 silly lifecycle bindings@1.2.1~install: no script for install, continuing
746 silly install nan@1.9.0 /home/maeva/smartkeeper/node_modules/.staging/nan-1842ddff
747 info lifecycle nan@1.9.0~install: nan@1.9.0
748 silly lifecycle nan@1.9.0~install: no script for install, continuing
749 silly install ssh@1.8.0 /home/maeva/smartkeeper/node_modules/.staging/ssh-c91df64d
750 info lifecycle ssh@1.8.0~install: ssh@1.8.0
751 verbose lifecycle ssh@1.8.0~install: unsafe-perm in lifecycle false
752 verbose lifecycle ssh@1.8.0~install: PATH: /usr/local/lib/node_modules/npm/bin/node-gyp-bin:/home/maeva/smartkeeper/node_modules/ssh/node_modules/.bin:/home/maeva/smartkeeper/node_modules/.bin:/usr/bin:/usr/local/sbin:/usr/local/bin:/usr/sbin:/usr/bin:/sbin:/bin:/usr/games:/usr/local/games:/home/maeva/smartkeeper/smartkeeper/platforms/android
753 verbose lifecycle ssh@1.8.0~install: CWD: /home/maeva/smartkeeper/node_modules/ssh
754 silly lifecycle ssh@1.8.0~install: Args: [ '-c', 'node-gyp rebuild' ]
755 silly lifecycle ssh@1.8.0~install: Returned: code: 1  signal: null
756 info lifecycle ssh@1.8.0~install: Failed to exec install script
757 verbose unlock done using /root/.npm/_locks/staging-8b246b5874669bf9.lock for /home/maeva/smartkeeper/node_modules/.staging
758 silly rollbackFailedOptional Starting
759 silly rollbackFailedOptional Finishing
760 silly runTopLevelLifecycles Starting
761 silly runTopLevelLifecycles Finishing
762 silly install printInstalled
763 warn enoent ENOENT, open '/home/maeva/smartkeeper/package.json'
764 warn smartkeeper No description
765 warn smartkeeper No repository field.
766 warn smartkeeper No README data
767 warn smartkeeper No license field.
768 verbose stack Error: ssh@1.8.0 install: `node-gyp rebuild`
768 verbose stack Exit status 1
768 verbose stack     at EventEmitter.<anonymous> (/usr/local/lib/node_modules/npm/lib/utils/lifecycle.js:239:16)
768 verbose stack     at EventEmitter.emit (events.js:98:17)
768 verbose stack     at ChildProcess.<anonymous> (/usr/local/lib/node_modules/npm/lib/utils/spawn.js:24:14)
768 verbose stack     at ChildProcess.EventEmitter.emit (events.js:98:17)
768 verbose stack     at maybeClose (child_process.js:743:16)
768 verbose stack     at Process.ChildProcess._handle.onexit (child_process.js:810:5)
769 verbose pkgid ssh@1.8.0
770 verbose cwd /home/maeva/smartkeeper
771 error Linux 3.13.0-77-generic
772 error argv "node" "/usr/local/bin/npm" "install" "ssh"
773 error node v0.10.25
774 error npm  v3.8.1
775 error code ELIFECYCLE
776 error ssh@1.8.0 install: `node-gyp rebuild`
776 error Exit status 1
777 error Failed at the ssh@1.8.0 install script 'node-gyp rebuild'.
777 error Make sure you have the latest version of node.js and npm installed.
777 error If you do, this is most likely a problem with the ssh package,
777 error not with npm itself.
777 error Tell the author that this fails on your system:
777 error     node-gyp rebuild
777 error You can get information on how to open an issue for this project with:
777 error     npm bugs ssh
777 error Or if that isn't available, you can get their info via:
777 error     npm owner ls ssh
777 error There is likely additional logging output above.
778 verbose exit [ 1, true ]
